[30-Mar-2023 22:23:14 Europe/Berlin] Hello, errors!
[30-Mar-2023 22:23:14 Europe/Berlin] View: Login/index.php render
[30-Mar-2023 22:23:16 Europe/Berlin] Hello, errors!
[30-Mar-2023 22:23:17 Europe/Berlin] Usuario y Contraseña correctos
[30-Mar-2023 22:23:17 Europe/Berlin] Hello, errors!
[30-Mar-2023 22:23:24 Europe/Berlin] Hello, errors!
[30-Mar-2023 22:23:24 Europe/Berlin] Hello, errors!
[30-Mar-2023 22:24:08 Europe/Berlin] Hello, errors!
[30-Mar-2023 22:24:09 Europe/Berlin] Hello, errors!
[30-Mar-2023 22:24:09 Europe/Berlin] Hello, errors!
[30-Mar-2023 22:24:09 Europe/Berlin] View: Login/index.php render
[30-Mar-2023 22:24:13 Europe/Berlin] Hello, errors!
[30-Mar-2023 22:24:13 Europe/Berlin] Usuario y Contraseña correctos
[30-Mar-2023 22:24:13 Europe/Berlin] Hello, errors!
[30-Mar-2023 22:24:18 Europe/Berlin] Hello, errors!
[30-Mar-2023 22:24:18 Europe/Berlin] Hello, errors!
[30-Mar-2023 22:24:18 Europe/Berlin] View: Login/index.php render
[30-Mar-2023 22:24:22 Europe/Berlin] Hello, errors!
[30-Mar-2023 22:24:22 Europe/Berlin] Contraseña Incorrectos
[30-Mar-2023 22:24:22 Europe/Berlin] Hello, errors!
[30-Mar-2023 22:24:22 Europe/Berlin] View: Login/index.php render
[30-Mar-2023 22:24:28 Europe/Berlin] Hello, errors!
[30-Mar-2023 22:24:28 Europe/Berlin] Usuario o Contraseña Incorrectos
[30-Mar-2023 22:24:28 Europe/Berlin] Hello, errors!
[30-Mar-2023 22:24:28 Europe/Berlin] View: Login/index.php render
[08-May-2023 19:30:18 Europe/Berlin] Hello, errors!
[08-May-2023 19:30:51 Europe/Berlin] Hello, errors!
[08-May-2023 19:30:51 Europe/Berlin] Hello, errors!
[08-May-2023 19:31:01 Europe/Berlin] Hello, errors!
[08-May-2023 19:31:01 Europe/Berlin] Hello, errors!
[08-May-2023 19:31:01 Europe/Berlin] View: Login/index.php render
[08-May-2023 19:31:10 Europe/Berlin] Hello, errors!
[08-May-2023 19:31:10 Europe/Berlin] Error connection: 1
[08-May-2023 19:31:10 Europe/Berlin] PHP Fatal error:  Uncaught Error: Call to a member function prepare() on null in C:\xampp\htdocs\test\examples-php\login\src\Models\User_Model.php:123
Stack trace:
#0 C:\xampp\htdocs\test\examples-php\login\src\Controllers\Login_Controller.php(20): Test\Login\Models\User_Model::exists('root')
#1 C:\xampp\htdocs\test\examples-php\login\src\Config\routes.php(19): Test\Login\Controllers\Login_Controller->auth(Array)
#2 [internal function]: {closure}()
#3 C:\xampp\htdocs\test\examples-php\login\vendor\bramus\router\src\Bramus\Router\Router.php(458): call_user_func_array(Object(Closure), Array)
#4 C:\xampp\htdocs\test\examples-php\login\vendor\bramus\router\src\Bramus\Router\Router.php(440): Bramus\Router\Router->invoke(Object(Closure), Array)
#5 C:\xampp\htdocs\test\examples-php\login\vendor\bramus\router\src\Bramus\Router\Router.php(287): Bramus\Router\Router->handle(Array, true)
#6 C:\xampp\htdocs\test\examples-php\login\src\Config\routes.php(51): Bramus\Router\Router->run()
#7 C:\xampp\htdocs\test\examples-php\login\public\index.php(14): require('C:\\xampp\\htdocs...')
#8 {main}
  thrown in C:\xampp\htdocs\test\examples-php\login\src\Models\User_Model.php on line 123
[08-May-2023 19:35:04 Europe/Berlin] Hello, errors!
[08-May-2023 19:35:04 Europe/Berlin] Usuario o Contraseña Incorrectos
[08-May-2023 19:35:04 Europe/Berlin] Hello, errors!
[08-May-2023 19:35:04 Europe/Berlin] View: Login/index.php render
[08-May-2023 19:35:13 Europe/Berlin] Hello, errors!
[08-May-2023 19:35:13 Europe/Berlin] Usuario o Contraseña Incorrectos
[08-May-2023 19:35:13 Europe/Berlin] Hello, errors!
[08-May-2023 19:35:13 Europe/Berlin] View: Login/index.php render
[08-May-2023 19:36:26 Europe/Berlin] Hello, errors!
[08-May-2023 19:36:26 Europe/Berlin] View: User/index.php render
[08-May-2023 19:36:33 Europe/Berlin] Hello, errors!
[08-May-2023 19:36:33 Europe/Berlin] Hello, errors!
[08-May-2023 19:36:33 Europe/Berlin] View: User/index.php render
[08-May-2023 19:36:46 Europe/Berlin] Hello, errors!
[08-May-2023 19:36:46 Europe/Berlin] Hello, errors!
[08-May-2023 19:36:46 Europe/Berlin] View: User/index.php render
[08-May-2023 19:38:51 Europe/Berlin] Hello, errors!
[08-May-2023 19:38:51 Europe/Berlin] PHP Warning:  Undefined array key "user" in C:\xampp\htdocs\test\examples-php\login\src\Config\routes.php on line 28
[08-May-2023 19:38:54 Europe/Berlin] Hello, errors!
[08-May-2023 19:38:54 Europe/Berlin] Hello, errors!
[08-May-2023 19:38:54 Europe/Berlin] View: Login/index.php render
[08-May-2023 19:39:01 Europe/Berlin] Hello, errors!
[08-May-2023 19:39:01 Europe/Berlin] Usuario y Contraseña correctos
[08-May-2023 19:39:01 Europe/Berlin] Hello, errors!
